<?xml version="1.0" encoding="UTF-8" ?>
<testsuite failures="0" time="3.72" errors="0" skipped="0" tests="9" name="gov.dhs.efile.domain.ApplicantIntegrationTest">
  <properties>
    <property name="java.vendor" value="Oracle Corporation"/>
    <property name="JOB_NAME" value="EvidenceUploaderLocal"/>
    <property name="sun.java.launcher" value="SUN_STANDARD"/>
    <property name="NUMBER_OF_PROCESSORS" value="8"/>
    <property name="sun.management.compiler" value="HotSpot 64-Bit Tiered Compilers"/>
    <property name="JENKINS_HOME" value="C:\.jenkins"/>
    <property name="HUDSON_SERVER_COOKIE" value="b44bd2139660570c2fdede1f3bed8300"/>
    <property name="os.name" value="Windows 7"/>
    <property name="sun.boot.class.path" value="C:\Java\jre7\lib\resources.jar;C:\Java\jre7\lib\rt.jar;C:\Java\jre7\lib\sunrsasign.jar;C:\Java\jre7\lib\jsse.jar;C:\Java\jre7\lib\jce.jar;C:\Java\jre7\lib\charsets.jar;C:\Java\jre7\lib\jfr.jar;C:\Java\jre7\classes"/>
    <property name="EXECUTOR_NUMBER" value="1"/>
    <property name="sun.desktop" value="windows"/>
    <property name="PATHEXT" value=".COM;.EXE;.BAT;.CMD;.VBS;.VBE;.JS;.JSE;.WSF;.WSH;.MSC"/>
    <property name="java.vm.specification.vendor" value="Oracle Corporation"/>
    <property name="NODE_LABELS" value="master"/>
    <property name="TEMP" value="C:\Windows\TEMP"/>
    <property name="java.runtime.version" value="1.7.0_06-b24"/>
    <property name="user.name" value="AMANRY-PC$"/>
    <property name="guice.disable.misplaced.annotation.check" value="true"/>
    <property name="CommonProgramW6432" value="C:\Program Files\Common Files"/>
    <property name="ProgramFiles" value="C:\Program Files"/>
    <property name="user.language" value="en"/>
    <property name="sun.boot.library.path" value="C:\Java\jre7\bin"/>
    <property name="LOCALAPPDATA" value="C:\Windows\system32\config\systemprofile\AppData\Local"/>
    <property name="java.version" value="1.7.0_06"/>
    <property name="PROCESSOR_LEVEL" value="6"/>
    <property name="user.timezone" value="America/New_York"/>
    <property name="USERNAME" value="AMANRY-PC$"/>
    <property name="sun.arch.data.model" value="64"/>
    <property name="NODE_NAME" value="master"/>
    <property name="java.endorsed.dirs" value="C:\Java\jre7\lib\endorsed"/>
    <property name="BUILD_ID" value="2012-10-31_14-07-55"/>
    <property name="sun.cpu.isalist" value="amd64"/>
    <property name="sun.jnu.encoding" value="Cp1252"/>
    <property name="file.encoding.pkg" value="sun.io"/>
    <property name="file.separator" value="\"/>
    <property name="java.specification.name" value="Java Platform API Specification"/>
    <property name="java.class.version" value="51.0"/>
    <property name="JAVA_HOME_BACK" value="C:\Java\jdk1.6.0_26"/>
    <property name="user.country" value="US"/>
    <property name="ALLUSERSPROFILE" value="C:\ProgramData"/>
    <property name="java.home" value="C:\Java\jre7"/>
    <property name="java.vm.info" value="mixed mode"/>
    <property name="os.version" value="6.1"/>
    <property name="CATALINA_HOME" value="C:\apache\apache-tomcat-7.0.29"/>
    <property name="TMP" value="C:\Windows\TEMP"/>
    <property name="path.separator" value=";"/>
    <property name="java.vm.version" value="23.2-b09"/>
    <property name="user.variant" value=""/>
    <property name="CommonProgramFiles(x86)" value="C:\Program Files (x86)\Common Files"/>
    <property name="java.awt.printerjob" value="sun.awt.windows.WPrinterJob"/>
    <property name="FP_NO_HOST_CHECK" value="NO"/>
    <property name="JAVA_HOME" value="C:\Java\jdk1.7.0_06"/>
    <property name="sun.io.unicode.encoding" value="UnicodeLittle"/>
    <property name="CommonProgramFiles" value="C:\Program Files\Common Files"/>
    <property name="ComSpec" value="C:\Windows\system32\cmd.exe"/>
    <property name="awt.toolkit" value="sun.awt.windows.WToolkit"/>
    <property name="COMPUTERNAME" value="AMANRY-PC"/>
    <property name="user.script" value=""/>
    <property name="asl.log" value="Destination=file"/>
    <property name="GTK_BASEPATH" value="C:\Program Files (x86)\GtkSharp\2.12\"/>
    <property name="PUBLIC" value="C:\Users\Public"/>
    <property name="user.home" value="C:\"/>
    <property name="BUILD_TAG" value="jenkins-EvidenceUploaderLocal-9"/>
    <property name="JENKINS_SERVER_COOKIE" value="b44bd2139660570c2fdede1f3bed8300"/>
    <property name="HUDSON_URL" value="http://amanry-pc:8080/jenkins/"/>
    <property name="ProgramData" value="C:\ProgramData"/>
    <property name="java.specification.vendor" value="Oracle Corporation"/>
    <property name="USERPROFILE" value="C:\Windows\system32\config\systemprofile"/>
    <property name="CLASSPATH" value=""/>
    <property name="java.library.path" value="C:\Windows\system32;C:\Windows\Sun\Java\bin;C:\Windows\system32;C:\Windows;C:\Java\springsource\apache-maven-3.0.4/bin;C:\Java\jdk1.7.0_06\bin;C:\Program Files\Common Files\Microsoft Shared\Windows Live;C:\Program Files (x86)\Common Files\Microsoft Shared\Windows Live;C:\sencha-touch-2.0.0-commercial\command;C:\SenchaSDKTools-2.0.0-Beta\jsbuilder;C:\SenchaSDKTools-2.0.0-Beta\bin;C:\SenchaSDKTools-2.0.0-Beta;C:\Java\jdk1.7.0_06\bin;C:\Android\android-sdk\platform-tools;C:\Windows\system32;C:\Windows;C:\Windows\System32\Wbem;C:\Windows\System32\WindowsPowerShell\v1.0\;c:\Program Files\WIDCOMM\Bluetooth Software\;c:\Program Files\WIDCOMM\Bluetooth Software\syswow64;C:\Program Files\Intel\WiFi\bin\;C:\Program Files\Common Files\Intel\WirelessCommon\;C:\Program Files (x86)\NTRU Cryptosystems\NTRU TCG Software Stack\bin\;C:\Program Files\NTRU Cryptosystems\NTRU TCG Software Stack\bin\;C:\Program Files\Wave Systems Corp\Gemalto\Access Client\v5\;c:\Program Files (x86)\ATI Technologies\ATI.ACE\Core-Static;C:\Program Files (x86)\Common Files\Intuit\QBPOSSDKRuntime;C:\perl_op\bin;C:\apache-maven-3.0.3\bin;C:\Program Files (x86)\GtkSharp\2.12\bin;c:\Program Files (x86)\Microsoft SQL Server\100\Tools\Binn\;c:\Program Files\Microsoft SQL Server\100\Tools\Binn\;c:\Program Files\Microsoft SQL Server\100\DTS\Binn\;C:\Program Files (x86)\Windows Live\Shared;c:\bin;C:\apache-maven-3.0.3\bin;C:\apache\apache-tomcat-7.0.29\bin;;."/>
    <property name="java.vendor.url" value="http://java.oracle.com/"/>
    <property name="java.vm.vendor" value="Oracle Corporation"/>
    <property name="APPDATA" value="C:\Windows\system32\config\systemprofile\AppData\Roaming"/>
    <property name="java.runtime.name" value="Java(TM) SE Runtime Environment"/>
    <property name="maven.home" value="C:\Java\springsource\apache-maven-3.0.4"/>
    <property name="java.class.path" value="C:\.jenkins\plugins\maven-plugin\WEB-INF\lib\maven3-agent-1.2.jar;C:\Java\springsource\apache-maven-3.0.4\boot\plexus-classworlds-2.4.jar"/>
    <property name="sun.java.command" value="org.jvnet.hudson.maven3.agent.Maven3Main C:\Java\springsource\apache-maven-3.0.4 C:\apache\apache-tomcat-7.0.29\webapps\jenkins\WEB-INF\lib\remoting-2.17.jar C:\.jenkins\plugins\maven-plugin\WEB-INF\lib\maven3-interceptor-1.2.jar 59200"/>
    <property name="Path" value="C:\Java\jdk1.7.0_06\bin;C:\Program Files\Common Files\Microsoft Shared\Windows Live;C:\Program Files (x86)\Common Files\Microsoft Shared\Windows Live;C:\sencha-touch-2.0.0-commercial\command;C:\SenchaSDKTools-2.0.0-Beta\jsbuilder;C:\SenchaSDKTools-2.0.0-Beta\bin;C:\SenchaSDKTools-2.0.0-Beta;C:\Java\jdk1.7.0_06\bin;C:\Android\android-sdk\platform-tools;C:\Windows\system32;C:\Windows;C:\Windows\System32\Wbem;C:\Windows\System32\WindowsPowerShell\v1.0\;c:\Program Files\WIDCOMM\Bluetooth Software\;c:\Program Files\WIDCOMM\Bluetooth Software\syswow64;C:\Program Files\Intel\WiFi\bin\;C:\Program Files\Common Files\Intel\WirelessCommon\;C:\Program Files (x86)\NTRU Cryptosystems\NTRU TCG Software Stack\bin\;C:\Program Files\NTRU Cryptosystems\NTRU TCG Software Stack\bin\;C:\Program Files\Wave Systems Corp\Gemalto\Access Client\v5\;c:\Program Files (x86)\ATI Technologies\ATI.ACE\Core-Static;C:\Program Files (x86)\Common Files\Intuit\QBPOSSDKRuntime;C:\perl_op\bin;C:\apache-maven-3.0.3\bin;C:\Program Files (x86)\GtkSharp\2.12\bin;c:\Program Files (x86)\Microsoft SQL Server\100\Tools\Binn\;c:\Program Files\Microsoft SQL Server\100\Tools\Binn\;c:\Program Files\Microsoft SQL Server\100\DTS\Binn\;C:\Program Files (x86)\Windows Live\Shared;c:\bin;C:\apache-maven-3.0.3\bin;C:\apache\apache-tomcat-7.0.29\bin;"/>
    <property name="java.vm.specification.name" value="Java Virtual Machine Specification"/>
    <property name="PROCESSOR_ARCHITECTURE" value="AMD64"/>
    <property name="PROCESSOR_IDENTIFIER" value="Intel64 Family 6 Model 30 Stepping 5, GenuineIntel"/>
    <property name="java.vm.specification.version" value="1.7"/>
    <property name="sun.os.patch.level" value="Service Pack 1"/>
    <property name="sun.cpu.endian" value="little"/>
    <property name="M2_HOME" value="C:\Java\springsource\apache-maven-3.0.4"/>
    <property name="java.io.tmpdir" value="C:\Windows\TEMP\"/>
    <property name="OS" value="Windows_NT"/>
    <property name="HUDSON_HOME" value="C:\.jenkins"/>
    <property name="PATH+MAVEN" value="C:\Java\springsource\apache-maven-3.0.4/bin"/>
    <property name="ProgramFiles(x86)" value="C:\Program Files (x86)"/>
    <property name="BUILD_URL" value="http://amanry-pc:8080/jenkins/job/EvidenceUploaderLocal/9/"/>
    <property name="java.vendor.url.bug" value="http://bugreport.sun.com/bugreport/"/>
    <property name="java.awt.graphicsenv" value="sun.awt.Win32GraphicsEnvironment"/>
    <property name="os.arch" value="amd64"/>
    <property name="SystemRoot" value="C:\Windows"/>
    <property name="java.ext.dirs" value="C:\Java\jre7\lib\ext;C:\Windows\Sun\Java\lib\ext"/>
    <property name="user.dir" value="C:\workspace-uscis\EvidenceUploader"/>
    <property name="JOB_URL" value="http://amanry-pc:8080/jenkins/job/EvidenceUploaderLocal/"/>
    <property name="USERDOMAIN" value="HOME"/>
    <property name="line.separator" value="
"/>
    <property name="MAVEN_HOME" value="C:\Java\springsource\apache-maven-3.0.4"/>
    <property name="java.vm.name" value="Java HotSpot(TM) 64-Bit Server VM"/>
    <property name="BUILD_NUMBER" value="9"/>
    <property name="JENKINS_URL" value="http://amanry-pc:8080/jenkins/"/>
    <property name="PROCESSOR_REVISION" value="1e05"/>
    <property name="ProgramW6432" value="C:\Program Files"/>
    <property name="windir" value="C:\Windows"/>
    <property name="file.encoding" value="Cp1252"/>
    <property name="SystemDrive" value="C:"/>
    <property name="maven3.interceptor" value="C:\.jenkins\plugins\maven-plugin\WEB-INF\lib\maven3-interceptor-1.2.jar"/>
    <property name="WORKSPACE" value="C:\.jenkins\jobs\EvidenceUploaderLocal\workspace"/>
    <property name="java.specification.version" value="1.7"/>
    <property name="PSModulePath" value="C:\Windows\system32\WindowsPowerShell\v1.0\Modules\"/>
    <property name="ANDROID_SDK" value="C:\Android\android-sdk"/>
  </properties>
  <testcase time="3.495" classname="gov.dhs.efile.domain.ApplicantIntegrationTest" name="testFlush"/>
  <testcase time="0.037" classname="gov.dhs.efile.domain.ApplicantIntegrationTest" name="testRemove"/>
  <testcase time="0.029" classname="gov.dhs.efile.domain.ApplicantIntegrationTest" name="testPersist"/>
  <testcase time="0.002" classname="gov.dhs.efile.domain.ApplicantIntegrationTest" name="testMarkerMethod"/>
  <testcase time="0.033" classname="gov.dhs.efile.domain.ApplicantIntegrationTest" name="testCountApplicants"/>
  <testcase time="0.023" classname="gov.dhs.efile.domain.ApplicantIntegrationTest" name="testFindApplicant"/>
  <testcase time="0.035" classname="gov.dhs.efile.domain.ApplicantIntegrationTest" name="testFindAllApplicants"/>
  <testcase time="0.03" classname="gov.dhs.efile.domain.ApplicantIntegrationTest" name="testFindApplicantEntries"/>
  <testcase time="0.036" classname="gov.dhs.efile.domain.ApplicantIntegrationTest" name="testMergeUpdate"/>
</testsuite>